2021-10-22 13:49:00.581  INFO 10072 --- [main] c.example.Voertuig.VoertuigApplication   : Starting VoertuigApplication using Java 11.0.9.1 on DESKTOP-B5U6RGF with PID 10072 (C:\Users\game-pc\Documents\HBO ICT\Casus Voertuig\target\classes started by game-pc in C:\Users\game-pc\Documents\HBO ICT\Casus Voertuig)
2021-10-22 13:49:00.583  INFO 10072 --- [main] c.example.Voertuig.VoertuigApplication   : No active profile set, falling back to default profiles: default
2021-10-22 13:49:01.403  INFO 10072 --- [main] .s.d.r.c.RepositoryConfigurationDelegate : Bootstrapping Spring Data JPA repositories in DEFAULT mode.
2021-10-22 13:49:01.473  INFO 10072 --- [main] .s.d.r.c.RepositoryConfigurationDelegate : Finished Spring Data repository scanning in 64 ms. Found 5 JPA repository interfaces.
2021-10-22 13:49:01.664  INFO 10072 --- [main] o.s.cloud.context.scope.GenericScope     : BeanFactory id=ffe5e6a6-faf0-3b72-998d-c656138e94cc
2021-10-22 13:49:01.804  INFO 10072 --- [main] trationDelegate$BeanPostProcessorChecker : Bean 'org.springframework.security.access.expression.method.DefaultMethodSecurityExpressionHandler@1da1380b' of type [org.springframework.security.access.expression.method.DefaultMethodSecurityExpressionHandler] is not eligible for getting processed by all BeanPostProcessors (for example: not eligible for auto-proxying)
2021-10-22 13:49:01.808  INFO 10072 --- [main] trationDelegate$BeanPostProcessorChecker : Bean 'methodSecurityMetadataSource' of type [org.springframework.security.access.method.DelegatingMethodSecurityMetadataSource] is not eligible for getting processed by all BeanPostProcessors (for example: not eligible for auto-proxying)
2021-10-22 13:49:01.997  INFO 10072 --- [main] o.s.b.w.embedded.tomcat.TomcatWebServer  : Tomcat initialized with port(s): 8070 (http)
2021-10-22 13:49:02.005  INFO 10072 --- [main] o.apache.catalina.core.StandardService   : Starting service [Tomcat]
2021-10-22 13:49:02.005  INFO 10072 --- [main] org.apache.catalina.core.StandardEngine  : Starting Servlet engine: [Apache Tomcat/9.0.44]
2021-10-22 13:49:02.114  INFO 10072 --- [main] o.a.c.c.C.[Tomcat].[localhost].[/]       : Initializing Spring embedded WebApplicationContext
2021-10-22 13:49:02.114  INFO 10072 --- [main] w.s.c.ServletWebServerApplicationContext : Root WebApplicationContext: initialization completed in 1501 ms
2021-10-22 13:49:02.242  WARN 10072 --- [main] JpaBaseConfiguration$JpaWebConfiguration : spring.jpa.open-in-view is enabled by default. Therefore, database queries may be performed during view rendering. Explicitly configure spring.jpa.open-in-view to disable this warning
2021-10-22 13:49:02.321  INFO 10072 --- [main] o.hibernate.jpa.internal.util.LogHelper  : HHH000204: Processing PersistenceUnitInfo [name: default]
2021-10-22 13:49:02.352  INFO 10072 --- [main] org.hibernate.Version                    : HHH000412: Hibernate ORM core version 5.4.29.Final
2021-10-22 13:49:02.428  INFO 10072 --- [main] o.hibernate.annotations.common.Version   : HCANN000001: Hibernate Commons Annotations {5.1.2.Final}
2021-10-22 13:49:02.496  INFO 10072 --- [main] com.zaxxer.hikari.HikariDataSource       : HikariPool-1 - Starting...
2021-10-22 13:49:02.610  INFO 10072 --- [main] com.zaxxer.hikari.HikariDataSource       : HikariPool-1 - Start completed.
2021-10-22 13:49:02.620  INFO 10072 --- [main] org.hibernate.dialect.Dialect            : HHH000400: Using dialect: org.hibernate.dialect.PostgreSQLDialect
2021-10-22 13:49:03.396  INFO 10072 --- [main] o.h.e.t.j.p.i.JtaPlatformInitiator       : HHH000490: Using JtaPlatform implementation: [org.hibernate.engine.transaction.jta.platform.internal.NoJtaPlatform]
2021-10-22 13:49:03.403  INFO 10072 --- [main] j.LocalContainerEntityManagerFactoryBean : Initialized JPA EntityManagerFactory for persistence unit 'default'
2021-10-22 13:49:04.368  INFO 10072 --- [main] o.s.b.a.e.web.EndpointLinksResolver      : Exposing 1 endpoint(s) beneath base path '/actuator'
2021-10-22 13:49:04.397  INFO 10072 --- [main] o.s.s.web.DefaultSecurityFilterChain     : Will secure any request with [org.springframework.security.web.context.request.async.WebAsyncManagerIntegrationFilter@11e75942, org.springframework.security.web.context.SecurityContextPersistenceFilter@2686a801, org.springframework.security.web.header.HeaderWriterFilter@2d568cff, org.springframework.web.filter.CorsFilter@23c61c1b, org.springframework.security.web.authentication.logout.LogoutFilter@7ca7bddd, com.example.Voertuig.serviceImpl.security.jwt.AuthTokenFilter@54ec8ab3, org.springframework.security.web.savedrequest.RequestCacheAwareFilter@4f6a5cc9, org.springframework.security.web.servletapi.SecurityContextHolderAwareRequestFilter@5af1b221, org.springframework.security.web.authentication.AnonymousAuthenticationFilter@4a6d6308, org.springframework.security.web.session.SessionManagementFilter@643a73fa, org.springframework.security.web.access.ExceptionTranslationFilter@71e55e48, org.springframework.security.web.access.intercept.FilterSecurityInterceptor@23a78d2e]
2021-10-22 13:49:04.435  INFO 10072 --- [main] o.s.s.concurrent.ThreadPoolTaskExecutor  : Initializing ExecutorService 'applicationTaskExecutor'
2021-10-22 13:49:04.780  INFO 10072 --- [main] o.s.b.w.embedded.tomcat.TomcatWebServer  : Tomcat started on port(s): 8070 (http) with context path ''
2021-10-22 13:49:04.856  INFO 10072 --- [main] c.example.Voertuig.VoertuigApplication   : Started VoertuigApplication in 4.688 seconds (JVM running for 5.332)
2021-10-22 13:49:05.004  INFO 10072 --- [RMI TCP Connection(5)-192.168.2.9] o.a.c.c.C.[Tomcat].[localhost].[/]       : Initializing Spring DispatcherServlet 'dispatcherServlet'
2021-10-22 13:49:05.004  INFO 10072 --- [RMI TCP Connection(5)-192.168.2.9] o.s.web.servlet.DispatcherServlet        : Initializing Servlet 'dispatcherServlet'
2021-10-22 13:49:05.006  INFO 10072 --- [RMI TCP Connection(5)-192.168.2.9] o.s.web.servlet.DispatcherServlet        : Completed initialization in 2 ms
2021-10-22 13:49:17.442  INFO 10072 --- [http-nio-8070-exec-4] c.e.Voertuig.controller.UserController   : Getting user data
2021-10-22 13:52:45.237  INFO 10072 --- [SpringContextShutdownHook] o.s.s.concurrent.ThreadPoolTaskExecutor  : Shutting down ExecutorService 'applicationTaskExecutor'
2021-10-22 13:52:45.242  INFO 10072 --- [SpringContextShutdownHook] j.LocalContainerEntityManagerFactoryBean : Closing JPA EntityManagerFactory for persistence unit 'default'
2021-10-22 13:52:45.245  INFO 10072 --- [SpringContextShutdownHook] com.zaxxer.hikari.HikariDataSource       : HikariPool-1 - Shutdown initiated...
2021-10-22 13:52:45.248  INFO 10072 --- [SpringContextShutdownHook] com.zaxxer.hikari.HikariDataSource       : HikariPool-1 - Shutdown completed.
2021-10-22 13:53:44.926  INFO 1180 --- [main] c.example.Voertuig.VoertuigApplication   : Starting VoertuigApplication using Java 11.0.9.1 on DESKTOP-B5U6RGF with PID 1180 (C:\Users\game-pc\Documents\HBO ICT\Casus Voertuig\target\classes started by game-pc in C:\Users\game-pc\Documents\HBO ICT\Casus Voertuig)
2021-10-22 13:53:44.929  INFO 1180 --- [main] c.example.Voertuig.VoertuigApplication   : No active profile set, falling back to default profiles: default
2021-10-22 13:53:45.804  INFO 1180 --- [main] .s.d.r.c.RepositoryConfigurationDelegate : Bootstrapping Spring Data JPA repositories in DEFAULT mode.
2021-10-22 13:53:45.877  INFO 1180 --- [main] .s.d.r.c.RepositoryConfigurationDelegate : Finished Spring Data repository scanning in 67 ms. Found 5 JPA repository interfaces.
2021-10-22 13:53:46.066  INFO 1180 --- [main] o.s.cloud.context.scope.GenericScope     : BeanFactory id=ffe5e6a6-faf0-3b72-998d-c656138e94cc
2021-10-22 13:53:46.185  INFO 1180 --- [main] trationDelegate$BeanPostProcessorChecker : Bean 'org.springframework.security.access.expression.method.DefaultMethodSecurityExpressionHandler@25a94b55' of type [org.springframework.security.access.expression.method.DefaultMethodSecurityExpressionHandler] is not eligible for getting processed by all BeanPostProcessors (for example: not eligible for auto-proxying)
2021-10-22 13:53:46.188  INFO 1180 --- [main] trationDelegate$BeanPostProcessorChecker : Bean 'methodSecurityMetadataSource' of type [org.springframework.security.access.method.DelegatingMethodSecurityMetadataSource] is not eligible for getting processed by all BeanPostProcessors (for example: not eligible for auto-proxying)
2021-10-22 13:53:46.367  INFO 1180 --- [main] o.s.b.w.embedded.tomcat.TomcatWebServer  : Tomcat initialized with port(s): 8070 (http)
2021-10-22 13:53:46.374  INFO 1180 --- [main] o.apache.catalina.core.StandardService   : Starting service [Tomcat]
2021-10-22 13:53:46.375  INFO 1180 --- [main] org.apache.catalina.core.StandardEngine  : Starting Servlet engine: [Apache Tomcat/9.0.44]
2021-10-22 13:53:46.482  INFO 1180 --- [main] o.a.c.c.C.[Tomcat].[localhost].[/]       : Initializing Spring embedded WebApplicationContext
2021-10-22 13:53:46.483  INFO 1180 --- [main] w.s.c.ServletWebServerApplicationContext : Root WebApplicationContext: initialization completed in 1521 ms
2021-10-22 13:53:46.609  WARN 1180 --- [main] JpaBaseConfiguration$JpaWebConfiguration : spring.jpa.open-in-view is enabled by default. Therefore, database queries may be performed during view rendering. Explicitly configure spring.jpa.open-in-view to disable this warning
2021-10-22 13:53:46.688  INFO 1180 --- [main] o.hibernate.jpa.internal.util.LogHelper  : HHH000204: Processing PersistenceUnitInfo [name: default]
2021-10-22 13:53:46.718  INFO 1180 --- [main] org.hibernate.Version                    : HHH000412: Hibernate ORM core version 5.4.29.Final
2021-10-22 13:53:46.797  INFO 1180 --- [main] o.hibernate.annotations.common.Version   : HCANN000001: Hibernate Commons Annotations {5.1.2.Final}
2021-10-22 13:53:46.868  INFO 1180 --- [main] com.zaxxer.hikari.HikariDataSource       : HikariPool-1 - Starting...
2021-10-22 13:53:47.001  INFO 1180 --- [main] com.zaxxer.hikari.HikariDataSource       : HikariPool-1 - Start completed.
2021-10-22 13:53:47.011  INFO 1180 --- [main] org.hibernate.dialect.Dialect            : HHH000400: Using dialect: org.hibernate.dialect.PostgreSQLDialect
2021-10-22 13:53:47.775  INFO 1180 --- [main] o.h.e.t.j.p.i.JtaPlatformInitiator       : HHH000490: Using JtaPlatform implementation: [org.hibernate.engine.transaction.jta.platform.internal.NoJtaPlatform]
2021-10-22 13:53:47.782  INFO 1180 --- [main] j.LocalContainerEntityManagerFactoryBean : Initialized JPA EntityManagerFactory for persistence unit 'default'
2021-10-22 13:53:48.735  INFO 1180 --- [main] o.s.b.a.e.web.EndpointLinksResolver      : Exposing 1 endpoint(s) beneath base path '/actuator'
2021-10-22 13:53:48.764  INFO 1180 --- [main] o.s.s.web.DefaultSecurityFilterChain     : Will secure any request with [org.springframework.security.web.context.request.async.WebAsyncManagerIntegrationFilter@5b697993, org.springframework.security.web.context.SecurityContextPersistenceFilter@39acf187, org.springframework.security.web.header.HeaderWriterFilter@36696821, org.springframework.web.filter.CorsFilter@7ffb0bb4, org.springframework.security.web.authentication.logout.LogoutFilter@5ca006ac, com.example.Voertuig.serviceImpl.security.jwt.AuthTokenFilter@5bc40f5d, org.springframework.security.web.savedrequest.RequestCacheAwareFilter@dd3e1e3, org.springframework.security.web.servletapi.SecurityContextHolderAwareRequestFilter@690e7b89, org.springframework.security.web.authentication.AnonymousAuthenticationFilter@280f061e, org.springframework.security.web.session.SessionManagementFilter@49741e80, org.springframework.security.web.access.ExceptionTranslationFilter@51d2d336, org.springframework.security.web.access.intercept.FilterSecurityInterceptor@dffcf1]
2021-10-22 13:53:48.804  INFO 1180 --- [main] o.s.s.concurrent.ThreadPoolTaskExecutor  : Initializing ExecutorService 'applicationTaskExecutor'
2021-10-22 13:53:49.137  INFO 1180 --- [main] o.s.b.w.embedded.tomcat.TomcatWebServer  : Tomcat started on port(s): 8070 (http) with context path ''
2021-10-22 13:53:49.214  INFO 1180 --- [main] c.example.Voertuig.VoertuigApplication   : Started VoertuigApplication in 4.726 seconds (JVM running for 5.381)
2021-10-22 13:53:49.757  INFO 1180 --- [RMI TCP Connection(2)-192.168.2.9] o.a.c.c.C.[Tomcat].[localhost].[/]       : Initializing Spring DispatcherServlet 'dispatcherServlet'
2021-10-22 13:53:49.758  INFO 1180 --- [RMI TCP Connection(2)-192.168.2.9] o.s.web.servlet.DispatcherServlet        : Initializing Servlet 'dispatcherServlet'
2021-10-22 13:53:49.759  INFO 1180 --- [RMI TCP Connection(2)-192.168.2.9] o.s.web.servlet.DispatcherServlet        : Completed initialization in 1 ms
2021-10-22 13:54:49.247  INFO 1180 --- [SpringContextShutdownHook] o.s.s.concurrent.ThreadPoolTaskExecutor  : Shutting down ExecutorService 'applicationTaskExecutor'
2021-10-22 13:54:49.253  INFO 1180 --- [SpringContextShutdownHook] j.LocalContainerEntityManagerFactoryBean : Closing JPA EntityManagerFactory for persistence unit 'default'
2021-10-22 13:54:49.255  INFO 1180 --- [SpringContextShutdownHook] com.zaxxer.hikari.HikariDataSource       : HikariPool-1 - Shutdown initiated...
2021-10-22 13:54:49.259  INFO 1180 --- [SpringContextShutdownHook] com.zaxxer.hikari.HikariDataSource       : HikariPool-1 - Shutdown completed.
