2021-10-25 17:56:14.971  INFO 16452 --- [main] c.example.Voertuig.VoertuigApplication   : Starting VoertuigApplication using Java 11.0.9.1 on DESKTOP-B5U6RGF with PID 16452 (C:\Users\game-pc\Documents\HBO ICT\Casus Voertuig\target\classes started by game-pc in C:\Users\game-pc\Documents\HBO ICT\Casus Voertuig)
2021-10-25 17:56:14.978  INFO 16452 --- [main] c.example.Voertuig.VoertuigApplication   : No active profile set, falling back to default profiles: default
2021-10-25 17:56:16.013  INFO 16452 --- [main] .s.d.r.c.RepositoryConfigurationDelegate : Bootstrapping Spring Data JPA repositories in DEFAULT mode.
2021-10-25 17:56:16.096  INFO 16452 --- [main] .s.d.r.c.RepositoryConfigurationDelegate : Finished Spring Data repository scanning in 77 ms. Found 5 JPA repository interfaces.
2021-10-25 17:56:16.329  INFO 16452 --- [main] o.s.cloud.context.scope.GenericScope     : BeanFactory id=d6a7e01d-bcbf-3529-9bdd-644fa36b6ba1
2021-10-25 17:56:16.481  INFO 16452 --- [main] trationDelegate$BeanPostProcessorChecker : Bean 'org.springframework.security.access.expression.method.DefaultMethodSecurityExpressionHandler@6003ad65' of type [org.springframework.security.access.expression.method.DefaultMethodSecurityExpressionHandler] is not eligible for getting processed by all BeanPostProcessors (for example: not eligible for auto-proxying)
2021-10-25 17:56:16.485  INFO 16452 --- [main] trationDelegate$BeanPostProcessorChecker : Bean 'methodSecurityMetadataSource' of type [org.springframework.security.access.method.DelegatingMethodSecurityMetadataSource] is not eligible for getting processed by all BeanPostProcessors (for example: not eligible for auto-proxying)
2021-10-25 17:56:16.717  INFO 16452 --- [main] o.s.b.w.embedded.tomcat.TomcatWebServer  : Tomcat initialized with port(s): 8070 (http)
2021-10-25 17:56:16.726  INFO 16452 --- [main] o.apache.catalina.core.StandardService   : Starting service [Tomcat]
2021-10-25 17:56:16.727  INFO 16452 --- [main] org.apache.catalina.core.StandardEngine  : Starting Servlet engine: [Apache Tomcat/9.0.44]
2021-10-25 17:56:16.852  INFO 16452 --- [main] o.a.c.c.C.[Tomcat].[localhost].[/]       : Initializing Spring embedded WebApplicationContext
2021-10-25 17:56:16.852  INFO 16452 --- [main] w.s.c.ServletWebServerApplicationContext : Root WebApplicationContext: initialization completed in 1837 ms
2021-10-25 17:56:17.011  WARN 16452 --- [main] JpaBaseConfiguration$JpaWebConfiguration : spring.jpa.open-in-view is enabled by default. Therefore, database queries may be performed during view rendering. Explicitly configure spring.jpa.open-in-view to disable this warning
2021-10-25 17:56:17.102  INFO 16452 --- [main] o.hibernate.jpa.internal.util.LogHelper  : HHH000204: Processing PersistenceUnitInfo [name: default]
2021-10-25 17:56:17.147  INFO 16452 --- [main] org.hibernate.Version                    : HHH000412: Hibernate ORM core version 5.4.29.Final
2021-10-25 17:56:17.243  INFO 16452 --- [main] o.hibernate.annotations.common.Version   : HCANN000001: Hibernate Commons Annotations {5.1.2.Final}
2021-10-25 17:56:17.325  INFO 16452 --- [main] com.zaxxer.hikari.HikariDataSource       : HikariPool-1 - Starting...
2021-10-25 17:56:17.476  INFO 16452 --- [main] com.zaxxer.hikari.HikariDataSource       : HikariPool-1 - Start completed.
2021-10-25 17:56:17.488  INFO 16452 --- [main] org.hibernate.dialect.Dialect            : HHH000400: Using dialect: org.hibernate.dialect.PostgreSQLDialect
2021-10-25 17:56:18.397  INFO 16452 --- [main] o.h.e.t.j.p.i.JtaPlatformInitiator       : HHH000490: Using JtaPlatform implementation: [org.hibernate.engine.transaction.jta.platform.internal.NoJtaPlatform]
2021-10-25 17:56:18.405  INFO 16452 --- [main] j.LocalContainerEntityManagerFactoryBean : Initialized JPA EntityManagerFactory for persistence unit 'default'
2021-10-25 17:56:19.459  INFO 16452 --- [main] o.s.b.a.e.web.EndpointLinksResolver      : Exposing 1 endpoint(s) beneath base path '/actuator'
2021-10-25 17:56:19.488  INFO 16452 --- [main] o.s.s.web.DefaultSecurityFilterChain     : Will secure any request with [org.springframework.security.web.context.request.async.WebAsyncManagerIntegrationFilter@54a5eff, org.springframework.security.web.context.SecurityContextPersistenceFilter@31daf094, org.springframework.security.web.header.HeaderWriterFilter@7827cdfc, org.springframework.web.filter.CorsFilter@29612ee2, org.springframework.security.web.authentication.logout.LogoutFilter@2dc319cf, com.example.Voertuig.serviceImpl.security.jwt.AuthTokenFilter@65f3f9e2, org.springframework.security.web.savedrequest.RequestCacheAwareFilter@3e265811, org.springframework.security.web.servletapi.SecurityContextHolderAwareRequestFilter@574413bd, org.springframework.security.web.authentication.AnonymousAuthenticationFilter@20524816, org.springframework.security.web.session.SessionManagementFilter@139b3a29, org.springframework.security.web.access.ExceptionTranslationFilter@5aefdb9e, org.springframework.security.web.access.intercept.FilterSecurityInterceptor@47462daf]
2021-10-25 17:56:19.530  INFO 16452 --- [main] o.s.s.concurrent.ThreadPoolTaskExecutor  : Initializing ExecutorService 'applicationTaskExecutor'
2021-10-25 17:56:19.897  INFO 16452 --- [main] o.s.b.w.embedded.tomcat.TomcatWebServer  : Tomcat started on port(s): 8070 (http) with context path ''
2021-10-25 17:56:19.975  INFO 16452 --- [main] c.example.Voertuig.VoertuigApplication   : Started VoertuigApplication in 5.471 seconds (JVM running for 6.217)
2021-10-25 17:56:20.476  INFO 16452 --- [RMI TCP Connection(2)-192.168.2.9] o.a.c.c.C.[Tomcat].[localhost].[/]       : Initializing Spring DispatcherServlet 'dispatcherServlet'
2021-10-25 17:56:20.476  INFO 16452 --- [RMI TCP Connection(2)-192.168.2.9] o.s.web.servlet.DispatcherServlet        : Initializing Servlet 'dispatcherServlet'
2021-10-25 17:56:20.478  INFO 16452 --- [RMI TCP Connection(2)-192.168.2.9] o.s.web.servlet.DispatcherServlet        : Completed initialization in 2 ms
